INFO 2022-11-20 22:36:42,294 basehttp 17228 8604 "GET / HTTP/1.1" 302 0
INFO 2022-11-20 22:36:42,473 basehttp 17228 8604 "GET /store HTTP/1.1" 200 22054
INFO 2022-11-20 22:37:01,100 basehttp 17228 8604 "GET /admin/ HTTP/1.1" 302 0
INFO 2022-11-20 22:37:01,248 basehttp 17228 8604 "GET /admin/login/?next=/admin/ HTTP/1.1" 200 2214
INFO 2022-11-20 22:37:08,579 basehttp 17228 8604 "POST /admin/login/?next=/admin/ HTTP/1.1" 302 0
INFO 2022-11-20 22:37:08,627 basehttp 17228 8604 "GET /admin/ HTTP/1.1" 200 5252
INFO 2022-11-20 22:37:08,674 basehttp 17228 8604 "GET /static/admin/css/dashboard.css HTTP/1.1" 200 380
INFO 2022-11-20 22:37:08,679 basehttp 17228 8604 "GET /static/admin/img/icon-addlink.svg HTTP/1.1" 200 331
INFO 2022-11-20 22:37:08,680 basehttp 17228 4716 "GET /static/admin/img/icon-changelink.svg HTTP/1.1" 200 380
INFO 2022-11-20 22:37:15,737 basehttp 17228 4716 "GET /admin/store/product/ HTTP/1.1" 200 14062
INFO 2022-11-20 22:37:15,748 basehttp 17228 4716 "GET /static/admin/css/changelists.css HTTP/1.1" 200 6874
INFO 2022-11-20 22:37:15,750 basehttp 17228 35684 "GET /static/admin/js/jquery.init.js HTTP/1.1" 200 347
INFO 2022-11-20 22:37:15,752 basehttp 17228 27528 "GET /static/admin/js/admin/RelatedObjectLookups.js HTTP/1.1" 200 5984
INFO 2022-11-20 22:37:15,752 basehttp 17228 12512 "GET /static/admin/js/core.js HTTP/1.1" 200 5698
INFO 2022-11-20 22:37:15,752 basehttp 17228 4716 "GET /static/admin/js/actions.js HTTP/1.1" 200 7867
INFO 2022-11-20 22:37:15,754 basehttp 17228 35684 "GET /static/admin/js/urlify.js HTTP/1.1" 200 7902
INFO 2022-11-20 22:37:15,755 basehttp 17228 27528 "GET /static/admin/js/prepopulate.js HTTP/1.1" 200 1531
INFO 2022-11-20 22:37:15,758 basehttp 17228 15184 "GET /static/admin/js/vendor/jquery/jquery.js HTTP/1.1" 200 287630
INFO 2022-11-20 22:37:15,758 basehttp 17228 12512 "GET /static/admin/js/vendor/xregexp/xregexp.js HTTP/1.1" 200 232381
INFO 2022-11-20 22:37:15,778 basehttp 17228 8604 "GET /admin/jsi18n/ HTTP/1.1" 200 3195
INFO 2022-11-20 22:37:15,797 basehttp 17228 8604 "GET /static/admin/img/tooltag-add.svg HTTP/1.1" 200 331
INFO 2022-11-20 22:37:20,989 basehttp 17228 8604 "GET /admin/store/product/42/change/ HTTP/1.1" 200 9752
INFO 2022-11-20 22:37:20,996 basehttp 17228 8604 "GET /static/admin/css/forms.css HTTP/1.1" 200 8804
INFO 2022-11-20 22:37:21,001 basehttp 17228 8604 "GET /static/admin/js/prepopulate_init.js HTTP/1.1" 200 492
INFO 2022-11-20 22:37:21,006 basehttp 17228 8604 "GET /static/admin/css/widgets.css HTTP/1.1" 200 11097
INFO 2022-11-20 22:37:21,008 basehttp 17228 8604 "GET /static/admin/js/change_form.js HTTP/1.1" 200 606
INFO 2022-11-20 22:37:21,029 basehttp 17228 12512 "GET /admin/jsi18n/ HTTP/1.1" 200 3195
INFO 2022-11-20 23:15:59,909 basehttp 17228 16328 "GET /admin/ HTTP/1.1" 200 5252
INFO 2022-11-20 23:16:00,331 basehttp 17228 16328 "GET /admin/ HTTP/1.1" 200 5252
INFO 2022-11-20 23:16:08,633 basehttp 17228 16328 "GET /admin/logout/ HTTP/1.1" 200 1529
INFO 2022-11-20 23:16:13,953 basehttp 17228 16328 "GET /admin/ HTTP/1.1" 302 0
INFO 2022-11-20 23:16:13,967 basehttp 17228 16328 "GET /admin/login/?next=/admin/ HTTP/1.1" 200 2214
INFO 2022-11-20 23:49:18,181 autoreload 17228 28240 E:\DD\Music\Tech\neshama-bites\Eshop\settings.py changed, reloading.
